2021-08-20 20:32:49.504 [JavaFX Application Thread] INFO  db.UserDB - last id was changed.
2021-08-20 20:32:49.507 [JavaFX Application Thread] DEBUG db.UserDB - usernames list was updated.
2021-08-20 20:32:49.508 [JavaFX Application Thread] DEBUG db.UserDB - 1th user's file was created.
2021-08-20 20:32:49.522 [JavaFX Application Thread] DEBUG db.UserDB - 1th user's file was saved.
2021-08-20 20:32:49.522 [JavaFX Application Thread] WARN  model.User - 1's name was changed.
2021-08-20 20:32:49.523 [JavaFX Application Thread] FATAL model.User - 1's email was changed.
2021-08-20 20:32:49.523 [JavaFX Application Thread] INFO  model.User - 1 changed their bio.
2021-08-20 20:32:49.523 [JavaFX Application Thread] FATAL model.User - 1's phonenumber was changed.
2021-08-20 20:32:49.524 [JavaFX Application Thread] WARN  model.User - 1's birthdate was changed.
2021-08-20 20:32:49.525 [JavaFX Application Thread] WARN  model.Profile - 1's profile picture was changed.
2021-08-20 20:32:49.533 [JavaFX Application Thread] DEBUG db.UserDB - emails list was updated.
2021-08-20 20:32:49.534 [JavaFX Application Thread] DEBUG db.UserDB - phonenumbers list was updated.
2021-08-20 20:32:49.535 [JavaFX Application Thread] DEBUG db.UserDB - 1th user's file was saved.
2021-08-20 20:32:49.536 [JavaFX Application Thread] WARN  controller.signup.SignUpLogic - 1 signed up and entered the app.
2021-08-20 20:32:58.506 [Thread-2] DEBUG db.UserDB - 1th user's file was saved.
2021-08-20 20:33:23.010 [JavaFX Application Thread] DEBUG db.TweetDB - tweet 1-1's file was created.
2021-08-20 20:33:23.013 [JavaFX Application Thread] DEBUG db.TweetDB - tweet 1-1's file was saved.
2021-08-20 20:33:23.014 [JavaFX Application Thread] DEBUG db.UserDB - 1th user's file was saved.
2021-08-20 20:33:49.456 [JavaFX Application Thread] DEBUG db.TweetDB - tweet 1-2's file was created.
2021-08-20 20:33:49.457 [JavaFX Application Thread] DEBUG db.TweetDB - tweet 1-2's file was saved.
2021-08-20 20:33:49.459 [JavaFX Application Thread] DEBUG db.UserDB - 1th user's file was saved.
2021-08-20 20:33:58.518 [Thread-2] DEBUG db.UserDB - 1th user's file was saved.
2021-08-20 20:34:07.599 [JavaFX Application Thread] WARN  model.User - 1's name was changed.
2021-08-20 20:34:07.603 [JavaFX Application Thread] DEBUG db.UserDB - 1th user's file was saved.
2021-08-20 20:34:09.607 [JavaFX Application Thread] DEBUG db.UserDB - 1th user's file was saved.
2021-08-20 20:35:42.229 [JavaFX Application Thread] INFO  db.UserDB - last id was changed.
2021-08-20 20:35:42.232 [JavaFX Application Thread] DEBUG db.UserDB - usernames list was updated.
2021-08-20 20:35:42.234 [JavaFX Application Thread] DEBUG db.UserDB - 2th user's file was created.
2021-08-20 20:35:42.246 [JavaFX Application Thread] DEBUG db.UserDB - 2th user's file was saved.
2021-08-20 20:35:42.247 [JavaFX Application Thread] WARN  model.User - 2's name was changed.
2021-08-20 20:35:42.248 [JavaFX Application Thread] FATAL model.User - 2's email was changed.
2021-08-20 20:35:42.248 [JavaFX Application Thread] INFO  model.User - 2 changed their bio.
2021-08-20 20:35:42.248 [JavaFX Application Thread] FATAL model.User - 2's phonenumber was changed.
2021-08-20 20:35:42.249 [JavaFX Application Thread] WARN  model.User - 2's birthdate was changed.
2021-08-20 20:35:42.251 [JavaFX Application Thread] WARN  model.Profile - 2's profile picture was changed.
2021-08-20 20:35:42.257 [JavaFX Application Thread] DEBUG db.UserDB - emails list was updated.
2021-08-20 20:35:42.258 [JavaFX Application Thread] DEBUG db.UserDB - phonenumbers list was updated.
2021-08-20 20:35:42.259 [JavaFX Application Thread] DEBUG db.UserDB - 2th user's file was saved.
2021-08-20 20:35:42.259 [JavaFX Application Thread] WARN  controller.signup.SignUpLogic - 2 signed up and entered the app.
2021-08-20 20:36:00.066 [JavaFX Application Thread] DEBUG db.TweetDB - tweet 2-1's file was created.
2021-08-20 20:36:00.070 [JavaFX Application Thread] DEBUG db.TweetDB - tweet 2-1's file was saved.
2021-08-20 20:36:00.072 [JavaFX Application Thread] DEBUG db.UserDB - 2th user's file was saved.
2021-08-20 20:36:24.492 [Thread-2] DEBUG db.UserDB - 2th user's file was saved.
2021-08-20 20:37:24.503 [Thread-2] DEBUG db.UserDB - 2th user's file was saved.
2021-08-20 20:37:45.243 [JavaFX Application Thread] DEBUG db.TweetDB - tweet 2-2's file was created.
2021-08-20 20:37:45.244 [JavaFX Application Thread] DEBUG db.TweetDB - tweet 2-2's file was saved.
2021-08-20 20:37:45.246 [JavaFX Application Thread] DEBUG db.UserDB - 2th user's file was saved.
2021-08-20 20:38:24.513 [Thread-2] DEBUG db.UserDB - 2th user's file was saved.
2021-08-20 20:39:24.523 [Thread-2] DEBUG db.UserDB - 2th user's file was saved.
2021-08-20 20:40:04.307 [JavaFX Application Thread] DEBUG db.UserDB - 2th user's file was saved.
2021-08-20 20:46:56.543 [JavaFX Application Thread] INFO  db.UserDB - last id was changed.
2021-08-20 20:46:56.547 [JavaFX Application Thread] DEBUG db.UserDB - usernames list was updated.
2021-08-20 20:46:56.548 [JavaFX Application Thread] DEBUG db.UserDB - 3th user's file was created.
2021-08-20 20:46:56.562 [JavaFX Application Thread] DEBUG db.UserDB - 3th user's file was saved.
2021-08-20 20:46:56.563 [JavaFX Application Thread] WARN  model.User - 3's name was changed.
2021-08-20 20:46:56.563 [JavaFX Application Thread] FATAL model.User - 3's email was changed.
2021-08-20 20:46:56.563 [JavaFX Application Thread] INFO  model.User - 3 changed their bio.
2021-08-20 20:46:56.563 [JavaFX Application Thread] FATAL model.User - 3's phonenumber was changed.
2021-08-20 20:46:56.564 [JavaFX Application Thread] WARN  model.User - 3's birthdate was changed.
2021-08-20 20:46:56.566 [JavaFX Application Thread] WARN  model.Profile - 3's profile picture was changed.
2021-08-20 20:46:56.574 [JavaFX Application Thread] DEBUG db.UserDB - emails list was updated.
2021-08-20 20:46:56.575 [JavaFX Application Thread] DEBUG db.UserDB - phonenumbers list was updated.
2021-08-20 20:46:56.576 [JavaFX Application Thread] DEBUG db.UserDB - 3th user's file was saved.
2021-08-20 20:46:56.577 [JavaFX Application Thread] WARN  controller.signup.SignUpLogic - 3 signed up and entered the app.
2021-08-20 20:47:25.019 [JavaFX Application Thread] DEBUG db.UserDB - 3th user's file was saved.
2021-08-20 20:49:38.952 [JavaFX Application Thread] INFO  db.UserDB - last id was changed.
2021-08-20 20:49:38.956 [JavaFX Application Thread] DEBUG db.UserDB - usernames list was updated.
2021-08-20 20:49:38.958 [JavaFX Application Thread] DEBUG db.UserDB - 4th user's file was created.
2021-08-20 20:49:38.972 [JavaFX Application Thread] DEBUG db.UserDB - 4th user's file was saved.
2021-08-20 20:49:38.972 [JavaFX Application Thread] WARN  model.User - 4's name was changed.
2021-08-20 20:49:38.973 [JavaFX Application Thread] FATAL model.User - 4's email was changed.
2021-08-20 20:49:38.973 [JavaFX Application Thread] INFO  model.User - 4 changed their bio.
2021-08-20 20:49:38.973 [JavaFX Application Thread] FATAL model.User - 4's phonenumber was changed.
2021-08-20 20:49:38.974 [JavaFX Application Thread] WARN  model.User - 4's birthdate was changed.
2021-08-20 20:49:38.976 [JavaFX Application Thread] WARN  model.Profile - 4's profile picture was changed.
2021-08-20 20:49:38.983 [JavaFX Application Thread] DEBUG db.UserDB - emails list was updated.
2021-08-20 20:49:38.984 [JavaFX Application Thread] DEBUG db.UserDB - phonenumbers list was updated.
2021-08-20 20:49:38.986 [JavaFX Application Thread] DEBUG db.UserDB - 4th user's file was saved.
2021-08-20 20:49:38.986 [JavaFX Application Thread] WARN  controller.signup.SignUpLogic - 4 signed up and entered the app.
2021-08-20 20:49:52.505 [Thread-2] DEBUG db.UserDB - 4th user's file was saved.
2021-08-20 20:50:00.872 [JavaFX Application Thread] DEBUG db.TweetDB - tweet 4-1's file was created.
2021-08-20 20:50:00.874 [JavaFX Application Thread] DEBUG db.TweetDB - tweet 4-1's file was saved.
2021-08-20 20:50:00.875 [JavaFX Application Thread] DEBUG db.UserDB - 4th user's file was saved.
2021-08-20 20:50:16.433 [JavaFX Application Thread] DEBUG db.TweetDB - tweet 4-2's file was created.
2021-08-20 20:50:16.435 [JavaFX Application Thread] DEBUG db.TweetDB - tweet 4-2's file was saved.
2021-08-20 20:50:16.436 [JavaFX Application Thread] DEBUG db.UserDB - 4th user's file was saved.
2021-08-20 20:50:23.379 [JavaFX Application Thread] WARN  model.User - 4's name was changed.
2021-08-20 20:50:23.381 [JavaFX Application Thread] DEBUG db.UserDB - 4th user's file was saved.
2021-08-20 20:50:25.332 [JavaFX Application Thread] DEBUG db.UserDB - 4th user's file was saved.
2021-08-20 20:50:51.288 [JavaFX Application Thread] DEBUG db.UserDB - 3th user's file was saved.
2021-08-20 20:50:51.292 [JavaFX Application Thread] WARN  controller.login.LoginLogic - 3 logged in.
2021-08-20 20:50:59.639 [JavaFX Application Thread] DEBUG db.TweetDB - tweet 3-1's file was created.
2021-08-20 20:50:59.641 [JavaFX Application Thread] DEBUG db.TweetDB - tweet 3-1's file was saved.
2021-08-20 20:50:59.642 [JavaFX Application Thread] DEBUG db.UserDB - 3th user's file was saved.
2021-08-20 20:51:08.275 [JavaFX Application Thread] DEBUG db.TweetDB - tweet 3-2's file was created.
2021-08-20 20:51:08.276 [JavaFX Application Thread] DEBUG db.TweetDB - tweet 3-2's file was saved.
2021-08-20 20:51:08.278 [JavaFX Application Thread] DEBUG db.UserDB - 3th user's file was saved.
2021-08-20 20:51:12.972 [JavaFX Application Thread] DEBUG db.UserDB - 3th user's file was saved.
2021-08-20 20:53:00.122 [JavaFX Application Thread] INFO  db.UserDB - last id was changed.
2021-08-20 20:53:00.125 [JavaFX Application Thread] DEBUG db.UserDB - usernames list was updated.
2021-08-20 20:53:00.127 [JavaFX Application Thread] DEBUG db.UserDB - 5th user's file was created.
2021-08-20 20:53:00.140 [JavaFX Application Thread] DEBUG db.UserDB - 5th user's file was saved.
2021-08-20 20:53:00.140 [JavaFX Application Thread] WARN  model.User - 5's name was changed.
2021-08-20 20:53:00.141 [JavaFX Application Thread] FATAL model.User - 5's email was changed.
2021-08-20 20:53:00.141 [JavaFX Application Thread] INFO  model.User - 5 changed their bio.
2021-08-20 20:53:00.141 [JavaFX Application Thread] FATAL model.User - 5's phonenumber was changed.
2021-08-20 20:53:00.141 [JavaFX Application Thread] WARN  model.User - 5's birthdate was changed.
2021-08-20 20:53:00.143 [JavaFX Application Thread] WARN  model.Profile - 5's profile picture was changed.
2021-08-20 20:53:00.150 [JavaFX Application Thread] DEBUG db.UserDB - emails list was updated.
2021-08-20 20:53:00.150 [JavaFX Application Thread] DEBUG db.UserDB - phonenumbers list was updated.
2021-08-20 20:53:00.152 [JavaFX Application Thread] DEBUG db.UserDB - 5th user's file was saved.
2021-08-20 20:53:00.152 [JavaFX Application Thread] WARN  controller.signup.SignUpLogic - 5 signed up and entered the app.
2021-08-20 20:53:02.928 [Thread-2] DEBUG db.UserDB - 5th user's file was saved.
2021-08-20 20:53:11.765 [JavaFX Application Thread] DEBUG db.TweetDB - tweet 5-1's file was created.
2021-08-20 20:53:11.767 [JavaFX Application Thread] DEBUG db.TweetDB - tweet 5-1's file was saved.
2021-08-20 20:53:11.768 [JavaFX Application Thread] DEBUG db.UserDB - 5th user's file was saved.
2021-08-20 20:53:21.809 [JavaFX Application Thread] DEBUG db.TweetDB - tweet 5-2's file was created.
2021-08-20 20:53:21.811 [JavaFX Application Thread] DEBUG db.TweetDB - tweet 5-2's file was saved.
2021-08-20 20:53:21.812 [JavaFX Application Thread] DEBUG db.UserDB - 5th user's file was saved.
2021-08-20 20:53:33.519 [JavaFX Application Thread] WARN  model.User - 5's name was changed.
2021-08-20 20:53:33.521 [JavaFX Application Thread] DEBUG db.UserDB - 5th user's file was saved.
2021-08-20 20:53:43.396 [JavaFX Application Thread] DEBUG db.UserDB - 5th user's file was saved.
2021-08-20 20:55:04.118 [JavaFX Application Thread] INFO  db.UserDB - last id was changed.
2021-08-20 20:55:04.122 [JavaFX Application Thread] DEBUG db.UserDB - usernames list was updated.
2021-08-20 20:55:04.123 [JavaFX Application Thread] DEBUG db.UserDB - 6th user's file was created.
2021-08-20 20:55:04.137 [JavaFX Application Thread] DEBUG db.UserDB - 6th user's file was saved.
2021-08-20 20:55:04.137 [JavaFX Application Thread] WARN  model.User - 6's name was changed.
2021-08-20 20:55:04.138 [JavaFX Application Thread] FATAL model.User - 6's email was changed.
2021-08-20 20:55:04.138 [JavaFX Application Thread] INFO  model.User - 6 changed their bio.
2021-08-20 20:55:04.138 [JavaFX Application Thread] FATAL model.User - 6's phonenumber was changed.
2021-08-20 20:55:04.139 [JavaFX Application Thread] WARN  model.User - 6's birthdate was changed.
2021-08-20 20:55:04.140 [JavaFX Application Thread] WARN  model.Profile - 6's profile picture was changed.
2021-08-20 20:55:04.148 [JavaFX Application Thread] DEBUG db.UserDB - emails list was updated.
2021-08-20 20:55:04.148 [JavaFX Application Thread] DEBUG db.UserDB - phonenumbers list was updated.
2021-08-20 20:55:04.150 [JavaFX Application Thread] DEBUG db.UserDB - 6th user's file was saved.
2021-08-20 20:55:04.150 [JavaFX Application Thread] WARN  controller.signup.SignUpLogic - 6 signed up and entered the app.
2021-08-20 20:55:05.801 [Thread-2] DEBUG db.UserDB - 6th user's file was saved.
2021-08-20 20:55:19.924 [JavaFX Application Thread] DEBUG db.TweetDB - tweet 6-1's file was created.
2021-08-20 20:55:19.928 [JavaFX Application Thread] DEBUG db.TweetDB - tweet 6-1's file was saved.
2021-08-20 20:55:19.929 [JavaFX Application Thread] DEBUG db.UserDB - 6th user's file was saved.
2021-08-20 20:55:27.639 [JavaFX Application Thread] DEBUG db.TweetDB - tweet 6-2's file was created.
2021-08-20 20:55:27.640 [JavaFX Application Thread] DEBUG db.TweetDB - tweet 6-2's file was saved.
2021-08-20 20:55:27.642 [JavaFX Application Thread] DEBUG db.UserDB - 6th user's file was saved.
2021-08-20 20:56:05.811 [Thread-2] DEBUG db.UserDB - 6th user's file was saved.
2021-08-20 20:56:13.581 [JavaFX Application Thread] INFO  controller.pages.profile.ViewUserLogic - 6 followed 5
2021-08-20 20:56:13.582 [JavaFX Application Thread] DEBUG db.UserDB - 6th user's file was saved.
2021-08-20 20:56:13.584 [JavaFX Application Thread] DEBUG db.UserDB - 5th user's file was saved.
2021-08-20 20:56:37.865 [JavaFX Application Thread] DEBUG db.UserDB - 6th user's file was saved.
2021-08-20 20:58:43.535 [JavaFX Application Thread] DEBUG db.UserDB - 1th user's file was saved.
2021-08-20 20:58:43.542 [JavaFX Application Thread] WARN  controller.login.LoginLogic - 1 logged in.
2021-08-20 20:58:50.790 [JavaFX Application Thread] WARN  model.User - 1's name was changed.
2021-08-20 20:58:50.796 [JavaFX Application Thread] DEBUG db.UserDB - 1th user's file was saved.
2021-08-20 20:59:32.369 [Thread-2] DEBUG db.UserDB - 1th user's file was saved.
2021-08-20 21:00:32.379 [Thread-2] DEBUG db.UserDB - 1th user's file was saved.
2021-08-20 21:00:52.177 [JavaFX Application Thread] DEBUG db.UserDB - 1th user's file was saved.
2021-08-20 21:02:11.236 [JavaFX Application Thread] DEBUG db.UserDB - 1th user's file was saved.
2021-08-20 21:02:11.241 [JavaFX Application Thread] WARN  controller.login.LoginLogic - 1 logged in.
2021-08-20 21:02:19.864 [JavaFX Application Thread] WARN  model.User - 1's name was changed.
2021-08-20 21:02:19.867 [JavaFX Application Thread] DEBUG db.UserDB - 1th user's file was saved.
2021-08-20 21:02:45.972 [JavaFX Application Thread] WARN  model.User - 1's name was changed.
2021-08-20 21:02:45.978 [JavaFX Application Thread] DEBUG db.UserDB - 1th user's file was saved.
2021-08-20 21:03:01.441 [Thread-2] DEBUG db.UserDB - 1th user's file was saved.
2021-08-20 21:03:08.329 [JavaFX Application Thread] WARN  model.User - 1's name was changed.
2021-08-20 21:03:08.332 [JavaFX Application Thread] DEBUG db.UserDB - 1th user's file was saved.
2021-08-20 21:04:58.612 [JavaFX Application Thread] DEBUG db.UserDB - 1th user's file was saved.
2021-08-20 21:04:58.617 [JavaFX Application Thread] WARN  controller.login.LoginLogic - 1 logged in.
2021-08-20 21:05:08.253 [JavaFX Application Thread] WARN  model.User - 1's name was changed.
2021-08-20 21:05:08.254 [JavaFX Application Thread] DEBUG db.UserDB - 1th user's file was saved.
2021-08-20 21:11:01.525 [JavaFX Application Thread] DEBUG db.UserDB - 6th user's file was saved.
2021-08-20 21:11:01.532 [JavaFX Application Thread] WARN  controller.login.LoginLogic - 6 logged in.
2021-08-20 21:11:08.642 [JavaFX Application Thread] INFO  controller.pages.profile.ViewUserLogic - 6 unfollowed 5
2021-08-20 21:11:08.644 [JavaFX Application Thread] DEBUG db.UserDB - 6th user's file was saved.
2021-08-20 21:11:08.645 [JavaFX Application Thread] DEBUG db.UserDB - 5th user's file was saved.
2021-08-20 21:11:10.833 [JavaFX Application Thread] INFO  controller.pages.profile.ViewUserLogic - 6 sent a follow request to 5
2021-08-20 21:11:10.835 [JavaFX Application Thread] DEBUG db.UserDB - 6th user's file was saved.
2021-08-20 21:11:10.837 [JavaFX Application Thread] DEBUG db.UserDB - 5th user's file was saved.
2021-08-20 21:11:41.836 [JavaFX Application Thread] DEBUG db.UserDB - 6th user's file was saved.
2021-08-20 21:11:46.100 [JavaFX Application Thread] DEBUG db.UserDB - 5th user's file was saved.
2021-08-20 21:11:46.102 [JavaFX Application Thread] WARN  controller.login.LoginLogic - 5 logged in.
2021-08-20 21:11:54.668 [Thread-2] DEBUG db.UserDB - 5th user's file was saved.
2021-08-20 21:11:57.116 [JavaFX Application Thread] DEBUG controller.components.notification.NotificationPaneLogic - 5 accepted 6's follow request.
2021-08-20 21:11:57.117 [JavaFX Application Thread] DEBUG db.UserDB - 5th user's file was saved.
2021-08-20 21:11:57.118 [JavaFX Application Thread] DEBUG db.UserDB - 6th user's file was saved.
2021-08-20 21:12:31.904 [JavaFX Application Thread] INFO  controller.pages.profile.ViewUserLogic - 5 sent a follow request to 4
2021-08-20 21:12:31.906 [JavaFX Application Thread] DEBUG db.UserDB - 5th user's file was saved.
2021-08-20 21:12:31.907 [JavaFX Application Thread] DEBUG db.UserDB - 4th user's file was saved.
2021-08-20 21:12:54.676 [Thread-2] DEBUG db.UserDB - 5th user's file was saved.
2021-08-20 21:13:12.873 [JavaFX Application Thread] INFO  controller.pages.profile.ViewUserLogic - 5 sent a follow request to 1
2021-08-20 21:13:12.874 [JavaFX Application Thread] DEBUG db.UserDB - 5th user's file was saved.
2021-08-20 21:13:12.876 [JavaFX Application Thread] DEBUG db.UserDB - 1th user's file was saved.
2021-08-20 21:13:54.685 [Thread-2] DEBUG db.UserDB - 5th user's file was saved.
2021-08-20 21:14:15.046 [JavaFX Application Thread] DEBUG db.UserDB - 5th user's file was saved.
2021-08-20 21:14:19.814 [JavaFX Application Thread] DEBUG db.UserDB - 4th user's file was saved.
2021-08-20 21:14:19.815 [JavaFX Application Thread] WARN  controller.login.LoginLogic - 4 logged in.
2021-08-20 21:14:54.696 [Thread-2] DEBUG db.UserDB - 4th user's file was saved.
2021-08-20 21:14:57.738 [JavaFX Application Thread] DEBUG controller.components.notification.NotificationPaneLogic - 4 rejected 5's follow request.
2021-08-20 21:14:57.739 [JavaFX Application Thread] DEBUG db.UserDB - 4th user's file was saved.
2021-08-20 21:14:57.740 [JavaFX Application Thread] DEBUG db.UserDB - 5th user's file was saved.
2021-08-20 21:15:41.947 [JavaFX Application Thread] INFO  controller.pages.profile.ViewUserLogic - 4 followed 2
2021-08-20 21:15:41.948 [JavaFX Application Thread] DEBUG db.UserDB - 4th user's file was saved.
2021-08-20 21:15:41.949 [JavaFX Application Thread] DEBUG db.UserDB - 2th user's file was saved.
2021-08-20 21:15:54.704 [Thread-2] DEBUG db.UserDB - 4th user's file was saved.
2021-08-20 21:15:54.851 [JavaFX Application Thread] DEBUG db.UserDB - 4th user's file was saved.
2021-08-20 21:15:59.746 [JavaFX Application Thread] DEBUG db.UserDB - 3th user's file was saved.
2021-08-20 21:15:59.747 [JavaFX Application Thread] WARN  controller.login.LoginLogic - 3 logged in.
2021-08-20 21:16:08.887 [JavaFX Application Thread] INFO  controller.pages.profile.ViewUserLogic - 3 sent a follow request to 5
2021-08-20 21:16:08.888 [JavaFX Application Thread] DEBUG db.UserDB - 3th user's file was saved.
2021-08-20 21:16:08.889 [JavaFX Application Thread] DEBUG db.UserDB - 5th user's file was saved.
2021-08-20 21:16:26.003 [JavaFX Application Thread] DEBUG db.UserDB - 3th user's file was saved.
2021-08-20 21:16:29.911 [JavaFX Application Thread] DEBUG db.UserDB - 2th user's file was saved.
2021-08-20 21:16:29.912 [JavaFX Application Thread] WARN  controller.login.LoginLogic - 2 logged in.
2021-08-20 21:16:42.362 [JavaFX Application Thread] INFO  controller.pages.profile.ViewUserLogic - 2 sent a follow request to 4
2021-08-20 21:16:42.364 [JavaFX Application Thread] DEBUG db.UserDB - 2th user's file was saved.
2021-08-20 21:16:42.365 [JavaFX Application Thread] DEBUG db.UserDB - 4th user's file was saved.
2021-08-20 21:16:54.711 [Thread-2] DEBUG db.UserDB - 2th user's file was saved.
2021-08-20 21:17:05.347 [JavaFX Application Thread] INFO  controller.pages.profile.ViewUserLogic - 2 sent a follow request to 5
2021-08-20 21:17:05.349 [JavaFX Application Thread] DEBUG db.UserDB - 2th user's file was saved.
2021-08-20 21:17:05.350 [JavaFX Application Thread] DEBUG db.UserDB - 5th user's file was saved.
2021-08-20 21:17:21.047 [JavaFX Application Thread] DEBUG db.UserDB - 2th user's file was saved.
2021-08-20 21:17:24.431 [JavaFX Application Thread] DEBUG db.UserDB - 1th user's file was saved.
2021-08-20 21:17:24.432 [JavaFX Application Thread] WARN  controller.login.LoginLogic - 1 logged in.
2021-08-20 21:17:32.448 [JavaFX Application Thread] DEBUG controller.components.notification.NotificationPaneLogic - 1 accepted 5's follow request.
2021-08-20 21:17:32.449 [JavaFX Application Thread] DEBUG db.UserDB - 1th user's file was saved.
2021-08-20 21:17:32.450 [JavaFX Application Thread] DEBUG db.UserDB - 5th user's file was saved.
2021-08-20 21:17:54.718 [Thread-2] DEBUG db.UserDB - 1th user's file was saved.
2021-08-20 21:18:09.908 [JavaFX Application Thread] DEBUG db.UserDB - 1th user's file was saved.
2021-08-20 21:18:13.472 [JavaFX Application Thread] DEBUG db.UserDB - 5th user's file was saved.
2021-08-20 21:18:13.473 [JavaFX Application Thread] WARN  controller.login.LoginLogic - 5 logged in.
2021-08-20 21:18:54.725 [Thread-2] DEBUG db.UserDB - 5th user's file was saved.
2021-08-20 21:19:10.249 [JavaFX Application Thread] INFO  controller.pages.profile.ViewUserLogic - 5 sent a follow request to 4
2021-08-20 21:19:10.250 [JavaFX Application Thread] DEBUG db.UserDB - 5th user's file was saved.
2021-08-20 21:19:10.251 [JavaFX Application Thread] DEBUG db.UserDB - 4th user's file was saved.
2021-08-20 21:19:53.680 [JavaFX Application Thread] DEBUG db.TweetDB - tweet 5-3's file was created.
2021-08-20 21:19:53.682 [JavaFX Application Thread] DEBUG db.TweetDB - tweet 5-3's file was saved.
2021-08-20 21:19:53.684 [JavaFX Application Thread] DEBUG db.UserDB - 5th user's file was saved.
2021-08-20 21:19:53.685 [JavaFX Application Thread] DEBUG db.TweetDB - tweet 5-3's file was saved.
2021-08-20 21:19:53.685 [JavaFX Application Thread] DEBUG db.TweetDB - tweet 1-2's file was saved.
2021-08-20 21:19:54.732 [Thread-2] DEBUG db.UserDB - 5th user's file was saved.
2021-08-20 21:20:45.533 [JavaFX Application Thread] INFO  db.ChatDB - last id was changed.
2021-08-20 21:20:45.538 [JavaFX Application Thread] DEBUG db.ChatDB - chat 1's file was created.
2021-08-20 21:20:45.544 [JavaFX Application Thread] DEBUG db.ChatDB - chat 1's file was saved.
2021-08-20 21:20:45.544 [JavaFX Application Thread] DEBUG db.UserDB - 5th user's file was saved.
2021-08-20 21:20:45.545 [JavaFX Application Thread] DEBUG db.UserDB - 1th user's file was saved.
2021-08-20 21:20:54.739 [Thread-2] DEBUG db.UserDB - 5th user's file was saved.
2021-08-20 21:20:57.605 [JavaFX Application Thread] DEBUG db.ChatDB - chat 1's file was saved.
2021-08-20 21:21:38.976 [JavaFX Application Thread] DEBUG db.ChatDB - chat 1's file was saved.
2021-08-20 21:21:52.724 [JavaFX Application Thread] DEBUG db.ChatDB - chat 1's file was saved.
2021-08-20 21:21:54.745 [Thread-2] DEBUG db.UserDB - 5th user's file was saved.
2021-08-20 21:22:20.931 [JavaFX Application Thread] DEBUG db.UserDB - 5th user's file was saved.
2021-08-20 21:22:24.698 [JavaFX Application Thread] DEBUG db.UserDB - 1th user's file was saved.
2021-08-20 21:22:24.698 [JavaFX Application Thread] WARN  controller.login.LoginLogic - 1 logged in.
2021-08-20 21:22:33.696 [JavaFX Application Thread] DEBUG db.ChatDB - chat 1's file was saved.
2021-08-20 21:22:37.566 [JavaFX Application Thread] DEBUG db.ChatDB - chat 1's file was saved.
2021-08-20 21:22:44.186 [JavaFX Application Thread] DEBUG db.ChatDB - chat 1's file was saved.
2021-08-20 21:22:54.752 [Thread-2] DEBUG db.UserDB - 1th user's file was saved.
2021-08-20 21:23:08.160 [JavaFX Application Thread] DEBUG db.UserDB - 1th user's file was saved.
2021-08-20 21:23:12.652 [JavaFX Application Thread] DEBUG db.UserDB - 4th user's file was saved.
2021-08-20 21:23:12.653 [JavaFX Application Thread] WARN  controller.login.LoginLogic - 4 logged in.
2021-08-20 21:23:25.854 [JavaFX Application Thread] DEBUG controller.components.notification.NotificationPaneLogic - 4 accepted 2's follow request.
2021-08-20 21:23:25.855 [JavaFX Application Thread] DEBUG db.UserDB - 4th user's file was saved.
2021-08-20 21:23:25.856 [JavaFX Application Thread] DEBUG db.UserDB - 2th user's file was saved.
2021-08-20 21:23:54.759 [Thread-2] DEBUG db.UserDB - 4th user's file was saved.
2021-08-20 21:24:14.748 [JavaFX Application Thread] DEBUG db.UserDB - 4th user's file was saved.
2021-08-20 21:38:19.184 [JavaFX Application Thread] DEBUG db.UserDB - 5th user's file was saved.
2021-08-20 21:38:19.192 [JavaFX Application Thread] WARN  controller.login.LoginLogic - 5 logged in.
2021-08-20 21:39:03.473 [Thread-2] DEBUG db.UserDB - 5th user's file was saved.
2021-08-20 21:40:11.176 [JavaFX Application Thread] DEBUG db.UserDB - 5th user's file was saved.
2021-08-20 21:40:11.181 [JavaFX Application Thread] WARN  controller.login.LoginLogic - 5 logged in.
2021-08-20 21:40:14.009 [JavaFX Application Thread] DEBUG db.ChatDB - chat 1's file was saved.
2021-08-20 21:40:18.067 [JavaFX Application Thread] DEBUG db.ChatDB - chat 1's file was saved.
2021-08-20 21:41:38.899 [JavaFX Application Thread] DEBUG db.UserDB - 5th user's file was saved.
2021-08-20 21:41:38.904 [JavaFX Application Thread] WARN  controller.login.LoginLogic - 5 logged in.
2021-08-20 21:43:17.606 [JavaFX Application Thread] DEBUG db.UserDB - 5th user's file was saved.
2021-08-20 21:43:17.610 [JavaFX Application Thread] WARN  controller.login.LoginLogic - 5 logged in.
2021-08-20 21:46:10.009 [JavaFX Application Thread] DEBUG db.UserDB - 5th user's file was saved.
2021-08-20 21:46:10.014 [JavaFX Application Thread] WARN  controller.login.LoginLogic - 5 logged in.
2021-08-20 21:47:06.156 [JavaFX Application Thread] DEBUG db.UserDB - 5th user's file was saved.
2021-08-20 21:47:06.160 [JavaFX Application Thread] WARN  controller.login.LoginLogic - 5 logged in.
2021-08-20 21:48:07.614 [JavaFX Application Thread] DEBUG db.UserDB - 5th user's file was saved.
2021-08-20 21:48:07.618 [JavaFX Application Thread] WARN  controller.login.LoginLogic - 5 logged in.
