2021-05-10 21:54:30.179 [JavaFX Application Thread] WARN  apps.mainpage.pages.profile_viewuser.logic.UserViewAgent - 1 blocked 2
2021-05-10 21:54:30.190 [JavaFX Application Thread] DEBUG db.UserDB - 1th user's file was saved.
2021-05-10 21:56:35.841 [JavaFX Application Thread] WARN  apps.mainpage.pages.profile_viewuser.logic.UserViewAgent - 1 unblocked 2
2021-05-10 21:56:35.851 [JavaFX Application Thread] DEBUG db.UserDB - 1th user's file was saved.
2021-05-10 21:56:36.967 [JavaFX Application Thread] WARN  apps.mainpage.pages.profile_viewuser.logic.UserViewAgent - 1 blocked 2
2021-05-10 21:56:36.968 [JavaFX Application Thread] DEBUG db.UserDB - 1th user's file was saved.
2021-05-10 21:56:53.528 [JavaFX Application Thread] DEBUG apps.components.tweetpane.logic.TweetPaneAgent - 1 upvoted tweet 1-3
2021-05-10 21:56:53.530 [JavaFX Application Thread] DEBUG db.UserDB - 1th user's file was saved.
2021-05-10 21:56:53.532 [JavaFX Application Thread] DEBUG db.TweetDB - tweet 1-3's file was saved.
2021-05-10 22:30:21.760 [JavaFX Application Thread] INFO  apps.mainpage.pages.profile_viewuser.logic.UserViewAgent - 1 unfollowed 3
2021-05-10 22:30:21.770 [JavaFX Application Thread] DEBUG db.UserDB - 1th user's file was saved.
2021-05-10 22:30:21.771 [JavaFX Application Thread] DEBUG db.UserDB - 3th user's file was saved.
2021-05-10 22:30:22.888 [JavaFX Application Thread] INFO  apps.mainpage.pages.profile_viewuser.logic.UserViewAgent - 1 followed 3
2021-05-10 22:30:22.889 [JavaFX Application Thread] DEBUG db.UserDB - 1th user's file was saved.
2021-05-10 22:30:22.891 [JavaFX Application Thread] DEBUG db.UserDB - 3th user's file was saved.
2021-05-10 23:08:45.463 [JavaFX Application Thread] WARN  apps.mainpage.pages.profile_viewuser.logic.UserViewAgent - 1 unblocked 2
2021-05-10 23:08:45.473 [JavaFX Application Thread] DEBUG db.UserDB - 1th user's file was saved.
2021-05-10 23:08:46.766 [JavaFX Application Thread] INFO  apps.mainpage.pages.profile_viewuser.logic.UserViewAgent - 1 followed 2
2021-05-10 23:08:46.768 [JavaFX Application Thread] DEBUG db.UserDB - 1th user's file was saved.
2021-05-10 23:08:46.770 [JavaFX Application Thread] DEBUG db.UserDB - 2th user's file was saved.
2021-05-11 02:45:29.847 [JavaFX Application Thread] DEBUG apps.components.tweetpane.logic.TweetPaneAgent - 1 removed their upvote for tweet 1-3
2021-05-11 02:45:29.855 [JavaFX Application Thread] DEBUG db.UserDB - 1th user's file was saved.
2021-05-11 02:45:29.856 [JavaFX Application Thread] DEBUG db.TweetDB - tweet 1-3's file was saved.
2021-05-11 02:51:29.106 [JavaFX Application Thread] DEBUG apps.components.tweetpane.logic.TweetPaneAgent - 1 retweeted tweet 1-3
2021-05-11 02:51:29.113 [JavaFX Application Thread] DEBUG db.UserDB - 1th user's file was saved.
2021-05-11 02:51:29.114 [JavaFX Application Thread] DEBUG db.TweetDB - tweet 1-3's file was saved.
2021-05-11 02:51:29.957 [JavaFX Application Thread] DEBUG apps.components.tweetpane.logic.TweetPaneAgent - 1 removed their retweet for tweet 1-3
2021-05-11 02:51:29.959 [JavaFX Application Thread] DEBUG db.UserDB - 1th user's file was saved.
2021-05-11 02:51:29.960 [JavaFX Application Thread] DEBUG db.TweetDB - tweet 1-3's file was saved.
2021-05-11 02:53:17.573 [JavaFX Application Thread] DEBUG apps.components.tweetpane.logic.TweetPaneAgent - 1 retweeted tweet 1-3
2021-05-11 02:53:17.580 [JavaFX Application Thread] DEBUG db.UserDB - 1th user's file was saved.
2021-05-11 02:53:17.581 [JavaFX Application Thread] DEBUG db.TweetDB - tweet 1-3's file was saved.
2021-05-11 02:53:18.501 [JavaFX Application Thread] DEBUG apps.components.tweetpane.logic.TweetPaneAgent - 1 removed their retweet for tweet 1-3
2021-05-11 02:53:18.503 [JavaFX Application Thread] DEBUG db.UserDB - 1th user's file was saved.
2021-05-11 02:53:18.504 [JavaFX Application Thread] DEBUG db.TweetDB - tweet 1-3's file was saved.
2021-05-11 03:15:31.335 [JavaFX Application Thread] DEBUG db.TweetDB - tweet 1-4's file was created.
2021-05-11 03:15:31.342 [JavaFX Application Thread] DEBUG db.TweetDB - tweet 1-4's file was saved.
2021-05-11 03:15:31.343 [JavaFX Application Thread] DEBUG db.UserDB - 1th user's file was saved.
2021-05-11 03:16:39.587 [JavaFX Application Thread] DEBUG db.TweetDB - tweet 1-5's file was created.
2021-05-11 03:16:39.594 [JavaFX Application Thread] DEBUG db.TweetDB - tweet 1-5's file was saved.
2021-05-11 03:16:39.595 [JavaFX Application Thread] DEBUG db.UserDB - 1th user's file was saved.
2021-05-11 03:16:39.597 [JavaFX Application Thread] DEBUG db.TweetDB - tweet 1-5's file was saved.
2021-05-11 03:16:39.597 [JavaFX Application Thread] DEBUG db.TweetDB - tweet 1-4's file was saved.
2021-05-11 03:21:33.664 [JavaFX Application Thread] DEBUG db.TweetDB - tweet 1-6's file was created.
2021-05-11 03:21:33.668 [JavaFX Application Thread] DEBUG db.TweetDB - tweet 1-6's file was saved.
2021-05-11 03:21:33.670 [JavaFX Application Thread] DEBUG db.UserDB - 1th user's file was saved.
2021-05-11 03:21:33.671 [JavaFX Application Thread] DEBUG db.TweetDB - tweet 1-6's file was saved.
2021-05-11 03:21:33.671 [JavaFX Application Thread] DEBUG db.TweetDB - tweet 1-4's file was saved.
2021-05-11 03:31:12.968 [JavaFX Application Thread] DEBUG db.TweetDB - tweet 1-7's file was created.
2021-05-11 03:31:12.974 [JavaFX Application Thread] DEBUG db.TweetDB - tweet 1-7's file was saved.
2021-05-11 03:31:12.975 [JavaFX Application Thread] DEBUG db.UserDB - 1th user's file was saved.
2021-05-11 03:34:51.905 [JavaFX Application Thread] DEBUG db.TweetDB - tweet 1-8's file was created.
2021-05-11 03:34:51.910 [JavaFX Application Thread] DEBUG db.TweetDB - tweet 1-8's file was saved.
2021-05-11 03:34:51.911 [JavaFX Application Thread] DEBUG db.UserDB - 1th user's file was saved.
